<?xml version="1.0" encoding="UTF-8"?>
<testng-results skipped="0" failed="0" ignored="0" total="2" passed="2">
  <reporter-output>
  </reporter-output>
  <suite name="Main Test Suite" duration-ms="14323" started-at="2018-12-05T15:49:55Z" finished-at="2018-12-05T15:50:09Z">
    <groups>
    </groups>
    <test name="TestNG Test Group" duration-ms="14323" started-at="2018-12-05T15:49:55Z" finished-at="2018-12-05T15:50:09Z">
      <class name="testng_prg.improved_testng">
        <test-method status="PASS" signature="launch()[pri:0, instance:testng_prg.improved_testng@5c7fa833]" name="launch" is-config="true" duration-ms="11458" started-at="2018-12-05T15:49:55Z" finished-at="2018-12-05T15:50:06Z">
          <reporter-output>
          </reporter-output>
        </test-method> <!-- launch -->
        <test-method status="PASS" signature="verifytitle()[pri:0, instance:testng_prg.improved_testng@5c7fa833]" name="verifytitle" duration-ms="284" started-at="2018-12-05T15:50:06Z" finished-at="2018-12-05T15:50:07Z">
          <reporter-output>
          </reporter-output>
        </test-method> <!-- verifytitle -->
        <test-method status="PASS" signature="verifyurl()[pri:0, instance:testng_prg.improved_testng@5c7fa833]" name="verifyurl" duration-ms="7" started-at="2018-12-05T15:50:07Z" finished-at="2018-12-05T15:50:07Z">
          <reporter-output>
          </reporter-output>
        </test-method> <!-- verifyurl -->
        <test-method status="PASS" signature="close()[pri:0, instance:testng_prg.improved_testng@5c7fa833]" name="close" is-config="true" duration-ms="2549" started-at="2018-12-05T15:50:07Z" finished-at="2018-12-05T15:50:09Z">
          <reporter-output>
          </reporter-output>
        </test-method> <!-- close -->
      </class> <!-- testng_prg.improved_testng -->
    </test> <!-- TestNG Test Group -->
  </suite> <!-- Main Test Suite -->
</testng-results>
